<?xml version="1.0" encoding="UTF-8"?>
<testng-results ignored="0" total="1" passed="1" failed="0" skipped="0">
  <reporter-output>
  </reporter-output>
  <suite started-at="2023-09-09T13:11:52 IST" name="Default suite" finished-at="2023-09-09T13:12:01 IST" duration-ms="9326">
    <groups>
      <group name="cucumber">
        <method signature="AbstractTestNGCucumberTests.runScenario(io.cucumber.testng.PickleWrapper,io.cucumber.testng.FeatureWrapper)[pri:0, instance:com.testRunner.TestRunnerParallel@53fe15ff]" name="runScenario" class="io.cucumber.testng.AbstractTestNGCucumberTests"/>
      </group> <!-- cucumber -->
    </groups>
    <test started-at="2023-09-09T13:11:52 IST" name="Default test" finished-at="2023-09-09T13:12:01 IST" duration-ms="9326">
      <class name="com.testRunner.TestRunnerParallel">
        <test-method is-config="true" signature="setUpClass(org.testng.ITestContext)[pri:0, instance:com.testRunner.TestRunnerParallel@53fe15ff]" started-at="2023-09-09T13:11:52 IST" name="setUpClass" finished-at="2023-09-09T13:11:53 IST" duration-ms="1142" status="PASS">
          <params>
            <param index="0">
              <value>
                <![CDATA[org.testng.TestRunner@36b310aa]]>
              </value>
            </param>
          </params>
          <reporter-output>
          </reporter-output>
        </test-method> <!-- setUpClass -->
        <test-method signature="runScenario(io.cucumber.testng.PickleWrapper,io.cucumber.testng.FeatureWrapper)[pri:0, instance:com.testRunner.TestRunnerParallel@53fe15ff]" started-at="2023-09-09T13:11:53 IST" name="runScenario" description="Runs Cucumber Scenarios" data-provider="scenarios" finished-at="2023-09-09T13:12:00 IST" duration-ms="7508" status="PASS">
          <params>
            <param index="0">
              <value>
                <![CDATA["Test Temp"]]>
              </value>
            </param>
            <param index="1">
              <value>
                <![CDATA["Optional[Testing]"]]>
              </value>
            </param>
          </params>
          <reporter-output>
          </reporter-output>
        </test-method> <!-- runScenario -->
        <test-method is-config="true" signature="tearDownClass()[pri:0, instance:com.testRunner.TestRunnerParallel@53fe15ff]" started-at="2023-09-09T13:12:00 IST" name="tearDownClass" finished-at="2023-09-09T13:12:01 IST" duration-ms="624" status="PASS">
          <reporter-output>
          </reporter-output>
        </test-method> <!-- tearDownClass -->
      </class> <!-- com.testRunner.TestRunnerParallel -->
    </test> <!-- Default test -->
  </suite> <!-- Default suite -->
</testng-results>
